Using pre-set license

 COMMAND LINE ARGUMENTS:
/Applications/Unity/Hub/Editor/2020.3.16f1/Unity.app/Contents/MacOS/Unity
-adb2
-batchMode
-noUpm
-name
AssetImportWorker0
-projectPath
/Users/kazu/CAC-TeamA/2021CAC-TeamA/ShootDownCAC-chan
-logFile
Logs/AssetImportWorker0.log
-srvPort
52837
Successfully changed project path to: /Users/kazu/CAC-TeamA/2021CAC-TeamA/ShootDownCAC-chan
/Users/kazu/CAC-TeamA/2021CAC-TeamA/ShootDownCAC-chan
Using Asset Import Pipeline V2.
Refreshing native plugins compatible for Editor in 147.76 ms, found 3 plugins.
Preloading 0 native plugins for Editor in 0.00 ms.
Initialize engine version: 2020.3.16f1 (049d6eca3c44)
[Subsystems] Discovering subsystems at path /Applications/Unity/Hub/Editor/2020.3.16f1/Unity.app/Contents/Resources/UnitySubsystems
[Subsystems] Discovering subsystems at path /Users/kazu/CAC-TeamA/2021CAC-TeamA/ShootDownCAC-chan/Assets
GfxDevice: creating device client; threaded=0
2021-08-26 20:04:41.017 Unity[88448:6436371] Color LCD preferred device: Intel(R) Iris(TM) Graphics 6100 (low power)
2021-08-26 20:04:41.017 Unity[88448:6436371] Metal devices available: 1
2021-08-26 20:04:41.017 Unity[88448:6436371] 0: Intel(R) Iris(TM) Graphics 6100 (low power)
2021-08-26 20:04:41.017 Unity[88448:6436371] Using device Intel(R) Iris(TM) Graphics 6100 (low power)
Initializing Metal device caps: Intel(R) Iris(TM) Graphics 6100
Initialize mono
Mono path[0] = '/Applications/Unity/Hub/Editor/2020.3.16f1/Unity.app/Contents/Managed'
Mono path[1] = '/Applications/Unity/Hub/Editor/2020.3.16f1/Unity.app/Contents/MonoBleedingEdge/lib/mono/unityjit'
Mono config path = '/Applications/Unity/Hub/Editor/2020.3.16f1/Unity.app/Contents/MonoBleedingEdge/etc'
Using monoOptions --debugger-agent=transport=dt_socket,embedding=1,server=y,suspend=n,address=127.0.0.1:56448
Begin MonoManager ReloadAssembly
Registering precompiled unity dll's ...
Register platform support module: /Applications/Unity/Hub/Editor/2020.3.16f1/Unity.app/Contents/PlaybackEngines/MacStandaloneSupport/UnityEditor.OSXStandalone.Extensions.dll
Register platform support module: /Applications/Unity/Hub/Editor/2020.3.16f1/PlaybackEngines/WindowsStandaloneSupport/UnityEditor.WindowsStandalone.Extensions.dll
Registered in 0.003005 seconds.
Native extension for WindowsStandalone target not found
Native extension for OSXStandalone target not found
Refreshing native plugins compatible for Editor in 86.74 ms, found 3 plugins.
Preloading 0 native plugins for Editor in 0.00 ms.
Mono: successfully reloaded assembly
- Completed reload, in  4.212 seconds
Domain Reload Profiling:
	ReloadAssembly (4212ms)
		BeginReloadAssembly (101ms)
			ExecutionOrderSort (0ms)
			DisableScriptedObjects (0ms)
			BackupInstance (0ms)
			ReleaseScriptingObjects (0ms)
			CreateAndSetChildDomain (1ms)
		EndReloadAssembly (1051ms)
			LoadAssemblies (103ms)
			RebuildTransferFunctionScriptingTraits (0ms)
			SetupTypeCache (381ms)
			ReleaseScriptCaches (0ms)
			RebuildScriptCaches (75ms)
			SetupLoadedEditorAssemblies (488ms)
				LogAssemblyErrors (0ms)
				InitializePlatformSupportModulesInManaged (7ms)
				SetLoadedEditorAssemblies (0ms)
				RefreshPlugins (87ms)
				BeforeProcessingInitializeOnLoad (26ms)
				ProcessInitializeOnLoadAttributes (285ms)
				ProcessInitializeOnLoadMethodAttributes (82ms)
				AfterProcessingInitializeOnLoad (0ms)
				EditorAssembliesLoaded (0ms)
			ExecutionOrderSort2 (0ms)
			AwakeInstancesAfterBackupRestoration (0ms)
Platform modules already initialized, skipping
Registering precompiled user dll's ...
Registered in 0.007118 seconds.
Begin MonoManager ReloadAssembly
Native extension for WindowsStandalone target not found
Native extension for OSXStandalone target not found
Refreshing native plugins compatible for Editor in 128.35 ms, found 3 plugins.
Preloading 0 native plugins for Editor in 0.00 ms.
Mono: successfully reloaded assembly
- Completed reload, in  3.678 seconds
Domain Reload Profiling:
	ReloadAssembly (3682ms)
		BeginReloadAssembly (446ms)
			ExecutionOrderSort (0ms)
			DisableScriptedObjects (24ms)
			BackupInstance (0ms)
			ReleaseScriptingObjects (0ms)
			CreateAndSetChildDomain (97ms)
		EndReloadAssembly (3084ms)
			LoadAssemblies (268ms)
			RebuildTransferFunctionScriptingTraits (0ms)
			SetupTypeCache (1080ms)
			ReleaseScriptCaches (1ms)
			RebuildScriptCaches (232ms)
			SetupLoadedEditorAssemblies (1104ms)
				LogAssemblyErrors (0ms)
				InitializePlatformSupportModulesInManaged (9ms)
				SetLoadedEditorAssemblies (0ms)
				RefreshPlugins (128ms)
				BeforeProcessingInitializeOnLoad (152ms)
				ProcessInitializeOnLoadAttributes (774ms)
				ProcessInitializeOnLoadMethodAttributes (37ms)
				AfterProcessingInitializeOnLoad (3ms)
				EditorAssembliesLoaded (0ms)
			ExecutionOrderSort2 (0ms)
			AwakeInstancesAfterBackupRestoration (21ms)
Platform modules already initialized, skipping
========================================================================
Worker process is ready to serve import requests
Launching external process: /Applications/Unity/Hub/Editor/2020.3.16f1/Unity.app/Contents/Tools/UnityShaderCompiler
Launched and connected shader compiler UnityShaderCompiler after 0.02 seconds
Refreshing native plugins compatible for Editor in 1.42 ms, found 3 plugins.
Preloading 0 native plugins for Editor in 0.00 ms.
Unloading 2093 Unused Serialized files (Serialized files now loaded: 0)
System memory in use before: 174.2 MB.
System memory in use after: 174.3 MB.

Unloading 28 unused Assets to reduce memory usage. Loaded Objects now: 2530.
Total: 5.295506 ms (FindLiveObjects: 0.343476 ms CreateObjectMapping: 0.162738 ms MarkObjects: 4.671218 ms  DeleteObjects: 0.115652 ms)

AssetImportParameters requested are different than current active one (requested -> active):
  custom:video-decoder-ogg-theora: a1e56fd34408186e4bbccfd4996cb3dc -> 
  custom:container-muxer-webm: aa71ff27fc2769a1b78a27578f13a17b -> 
  custom:container-demuxer-webm: 4f35f7cbe854078d1ac9338744f61a02 -> 
  custom:container-demuxer-ogg: 62fdf1f143b41e24485cea50d1cbac27 -> 
  custom:video-encoder-webm-vp8: eb34c28f22e8b96e1ab97ce403110664 -> 
  custom:framework-osx-AVFoundation: e770b220cccbd017edd2c1fefb359320 -> 
  custom:video-decoder-webm-vp8: 9c59270c3fd7afecdb556c50c9e8de78 -> 
  custom:audio-decoder-ogg-vorbis: bf7c407c2cedff20999df2af8eb42d56 -> 
  custom:audio-encoder-webm-vorbis: bf7c407c2cedff20999df2af8eb42d56 -> 
========================================================================
Received Import Request.
  path: Assets/Scripts/bullet_controll.cs
  artifactKey: Guid(c10757d2b18bf47ed902099dcc95d121) Importer(815301076,1909f56bfc062723c751e8b465ee728b)
Start importing Assets/Scripts/bullet_controll.cs using Guid(c10757d2b18bf47ed902099dcc95d121) Importer(815301076,1909f56bfc062723c751e8b465ee728b)  -> (artifact id: '3ae2ebd6f3d1a3ff50be1bbff2d2eb27') in 0.835554 seconds 
  Import took 0.849353 seconds .

========================================================================
Received Prepare
Registering precompiled user dll's ...
Registered in 0.004817 seconds.
Begin MonoManager ReloadAssembly
Native extension for WindowsStandalone target not found
Native extension for OSXStandalone target not found
Refreshing native plugins compatible for Editor in 0.58 ms, found 3 plugins.
Preloading 0 native plugins for Editor in 0.00 ms.
Mono: successfully reloaded assembly
- Completed reload, in  2.367 seconds
Domain Reload Profiling:
	ReloadAssembly (2368ms)
		BeginReloadAssembly (272ms)
			ExecutionOrderSort (0ms)
			DisableScriptedObjects (12ms)
			BackupInstance (0ms)
			ReleaseScriptingObjects (0ms)
			CreateAndSetChildDomain (150ms)
		EndReloadAssembly (1962ms)
			LoadAssemblies (176ms)
			RebuildTransferFunctionScriptingTraits (0ms)
			SetupTypeCache (729ms)
			ReleaseScriptCaches (1ms)
			RebuildScriptCaches (101ms)
			SetupLoadedEditorAssemblies (663ms)
				LogAssemblyErrors (0ms)
				InitializePlatformSupportModulesInManaged (9ms)
				SetLoadedEditorAssemblies (1ms)
				RefreshPlugins (1ms)
				BeforeProcessingInitializeOnLoad (131ms)
				ProcessInitializeOnLoadAttributes (510ms)
				ProcessInitializeOnLoadMethodAttributes (10ms)
				AfterProcessingInitializeOnLoad (2ms)
				EditorAssembliesLoaded (0ms)
			ExecutionOrderSort2 (0ms)
			AwakeInstancesAfterBackupRestoration (24ms)
Platform modules already initialized, skipping
Refreshing native plugins compatible for Editor in 0.51 ms, found 3 plugins.
Preloading 0 native plugins for Editor in 0.00 ms.
Unloading 2083 Unused Serialized files (Serialized files now loaded: 0)
System memory in use before: 178.4 MB.
System memory in use after: 178.5 MB.

Unloading 16 unused Assets to reduce memory usage. Loaded Objects now: 2533.
Total: 7.228752 ms (FindLiveObjects: 0.564939 ms CreateObjectMapping: 0.182824 ms MarkObjects: 6.433189 ms  DeleteObjects: 0.046206 ms)

AssetImportParameters requested are different than current active one (requested -> active):
  custom:video-decoder-ogg-theora: a1e56fd34408186e4bbccfd4996cb3dc -> 
  custom:container-muxer-webm: aa71ff27fc2769a1b78a27578f13a17b -> 
  custom:container-demuxer-webm: 4f35f7cbe854078d1ac9338744f61a02 -> 
  custom:container-demuxer-ogg: 62fdf1f143b41e24485cea50d1cbac27 -> 
  custom:video-encoder-webm-vp8: eb34c28f22e8b96e1ab97ce403110664 -> 
  custom:framework-osx-AVFoundation: e770b220cccbd017edd2c1fefb359320 -> 
  custom:video-decoder-webm-vp8: 9c59270c3fd7afecdb556c50c9e8de78 -> 
  custom:audio-decoder-ogg-vorbis: bf7c407c2cedff20999df2af8eb42d56 -> 
  custom:audio-encoder-webm-vorbis: bf7c407c2cedff20999df2af8eb42d56 -> 
========================================================================
Received Import Request.
  Time since last request: 154.269259 seconds.
  path: Assets/KazutoTatsumi
  artifactKey: Guid(9e55e2578e7e34bdfb5ce725ed6a4885) Importer(815301076,1909f56bfc062723c751e8b465ee728b)
Start importing Assets/KazutoTatsumi using Guid(9e55e2578e7e34bdfb5ce725ed6a4885) Importer(815301076,1909f56bfc062723c751e8b465ee728b)  -> (artifact id: '3f7847944a53102adc0d1b1f72b03bc3') in 0.007388 seconds 
  Import took 0.018066 seconds .

========================================================================
Received Import Request.
  Time since last request: 0.018927 seconds.
  path: Assets/KazutoTatsumi
  artifactKey: Guid(9e55e2578e7e34bdfb5ce725ed6a4885) Importer(815301076,1909f56bfc062723c751e8b465ee728b)
Start importing Assets/KazutoTatsumi using Guid(9e55e2578e7e34bdfb5ce725ed6a4885) Importer(815301076,1909f56bfc062723c751e8b465ee728b)  -> (artifact id: '3f7847944a53102adc0d1b1f72b03bc3') in 0.001858 seconds 
  Import took 0.010094 seconds .

========================================================================
Received Prepare
Registering precompiled user dll's ...
Registered in 0.002512 seconds.
Begin MonoManager ReloadAssembly
Native extension for WindowsStandalone target not found
Native extension for OSXStandalone target not found
Refreshing native plugins compatible for Editor in 0.55 ms, found 3 plugins.
Preloading 0 native plugins for Editor in 0.00 ms.
Mono: successfully reloaded assembly
- Completed reload, in  2.127 seconds
Domain Reload Profiling:
	ReloadAssembly (2128ms)
		BeginReloadAssembly (245ms)
			ExecutionOrderSort (0ms)
			DisableScriptedObjects (11ms)
			BackupInstance (0ms)
			ReleaseScriptingObjects (0ms)
			CreateAndSetChildDomain (125ms)
		EndReloadAssembly (1738ms)
			LoadAssemblies (166ms)
			RebuildTransferFunctionScriptingTraits (0ms)
			SetupTypeCache (662ms)
			ReleaseScriptCaches (1ms)
			RebuildScriptCaches (91ms)
			SetupLoadedEditorAssemblies (627ms)
				LogAssemblyErrors (0ms)
				InitializePlatformSupportModulesInManaged (10ms)
				SetLoadedEditorAssemblies (1ms)
				RefreshPlugins (1ms)
				BeforeProcessingInitializeOnLoad (117ms)
				ProcessInitializeOnLoadAttributes (486ms)
				ProcessInitializeOnLoadMethodAttributes (10ms)
				AfterProcessingInitializeOnLoad (3ms)
				EditorAssembliesLoaded (0ms)
			ExecutionOrderSort2 (0ms)
			AwakeInstancesAfterBackupRestoration (20ms)
Platform modules already initialized, skipping
Refreshing native plugins compatible for Editor in 0.48 ms, found 3 plugins.
Preloading 0 native plugins for Editor in 0.00 ms.
Unloading 2083 Unused Serialized files (Serialized files now loaded: 0)
System memory in use before: 178.6 MB.
System memory in use after: 178.7 MB.

Unloading 16 unused Assets to reduce memory usage. Loaded Objects now: 2536.
Total: 4.491820 ms (FindLiveObjects: 0.339405 ms CreateObjectMapping: 0.164192 ms MarkObjects: 3.961892 ms  DeleteObjects: 0.024714 ms)

AssetImportParameters requested are different than current active one (requested -> active):
  custom:video-decoder-ogg-theora: a1e56fd34408186e4bbccfd4996cb3dc -> 
  custom:container-muxer-webm: aa71ff27fc2769a1b78a27578f13a17b -> 
  custom:container-demuxer-webm: 4f35f7cbe854078d1ac9338744f61a02 -> 
  custom:container-demuxer-ogg: 62fdf1f143b41e24485cea50d1cbac27 -> 
  custom:video-encoder-webm-vp8: eb34c28f22e8b96e1ab97ce403110664 -> 
  custom:framework-osx-AVFoundation: e770b220cccbd017edd2c1fefb359320 -> 
  custom:video-decoder-webm-vp8: 9c59270c3fd7afecdb556c50c9e8de78 -> 
  custom:audio-decoder-ogg-vorbis: bf7c407c2cedff20999df2af8eb42d56 -> 
  custom:audio-encoder-webm-vorbis: bf7c407c2cedff20999df2af8eb42d56 -> 
========================================================================
Received Import Request.
  Time since last request: 45.911263 seconds.
  path: Assets/KazutoTatsumi/Scenes
  artifactKey: Guid(508eb09bcd14da84aa344e2ceaf5588d) Importer(815301076,1909f56bfc062723c751e8b465ee728b)
Start importing Assets/KazutoTatsumi/Scenes using Guid(508eb09bcd14da84aa344e2ceaf5588d) Importer(815301076,1909f56bfc062723c751e8b465ee728b)  -> (artifact id: '1251ef76135483b7812321533aa9e31c') in 0.008179 seconds 
  Import took 0.014195 seconds .

========================================================================
Received Import Request.
  Time since last request: 0.009544 seconds.
  path: Assets/KazutoTatsumi/Scenes
  artifactKey: Guid(508eb09bcd14da84aa344e2ceaf5588d) Importer(815301076,1909f56bfc062723c751e8b465ee728b)
Start importing Assets/KazutoTatsumi/Scenes using Guid(508eb09bcd14da84aa344e2ceaf5588d) Importer(815301076,1909f56bfc062723c751e8b465ee728b)  -> (artifact id: '1251ef76135483b7812321533aa9e31c') in 0.004136 seconds 
  Import took 0.023371 seconds .

========================================================================
Received Import Request.
  Time since last request: 37.443052 seconds.
  path: Assets/KazutoTatsumi/Scenes/KazuTestScene.unity
  artifactKey: Guid(b1873072d8f5a43469086e5604819ca0) Importer(815301076,1909f56bfc062723c751e8b465ee728b)
Start importing Assets/KazutoTatsumi/Scenes/KazuTestScene.unity using Guid(b1873072d8f5a43469086e5604819ca0) Importer(815301076,1909f56bfc062723c751e8b465ee728b)  -> (artifact id: 'f9c3f3fbe7384865e6c7234b108be0cb') in 0.023902 seconds 
  Import took 0.031178 seconds .

========================================================================
Received Import Request.
  Time since last request: 0.003491 seconds.
  path: Assets/KazutoTatsumi/Scenes/KazuTestScene.unity
  artifactKey: Guid(b1873072d8f5a43469086e5604819ca0) Importer(815301076,1909f56bfc062723c751e8b465ee728b)
Start importing Assets/KazutoTatsumi/Scenes/KazuTestScene.unity using Guid(b1873072d8f5a43469086e5604819ca0) Importer(815301076,1909f56bfc062723c751e8b465ee728b)  -> (artifact id: 'f9c3f3fbe7384865e6c7234b108be0cb') in 0.005856 seconds 
  Import took 0.014005 seconds .

========================================================================
Received Import Request.
  Time since last request: 65.634032 seconds.
  path: Assets/KazutoTatsumi/Scenes/Player.prefab
  artifactKey: Guid(86db5f2d1e1364cecbd37a76003ab7e5) Importer(815301076,1909f56bfc062723c751e8b465ee728b)
Start importing Assets/KazutoTatsumi/Scenes/Player.prefab using Guid(86db5f2d1e1364cecbd37a76003ab7e5) Importer(815301076,1909f56bfc062723c751e8b465ee728b)  -> (artifact id: 'bb54531e2003f3984a93e0ca24beaf0f') in 2.195552 seconds 
  Import took 2.202995 seconds .

========================================================================
Received Import Request.
  Time since last request: 81.079383 seconds.
  path: Assets/KazutoTatsumi/Scenes/SampleScene.unity
  artifactKey: Guid(2cda990e2423bbf4892e6590ba056729) Importer(815301076,1909f56bfc062723c751e8b465ee728b)
Start importing Assets/KazutoTatsumi/Scenes/SampleScene.unity using Guid(2cda990e2423bbf4892e6590ba056729) Importer(815301076,1909f56bfc062723c751e8b465ee728b)  -> (artifact id: 'cc5e32b365946f31591063bb14fc96c4') in 0.007678 seconds 
  Import took 0.016381 seconds .

========================================================================
Received Import Request.
  Time since last request: 63.093705 seconds.
  path: Packages/com.unity.2d.sprite/Editor/ObjectMenuCreation/DefaultAssets/Textures/Square.png
  artifactKey: Guid(48e93eef0688c4a259cb0eddcd8661f7) Importer(815301076,1909f56bfc062723c751e8b465ee728b)
Start importing Packages/com.unity.2d.sprite/Editor/ObjectMenuCreation/DefaultAssets/Textures/Square.png using Guid(48e93eef0688c4a259cb0eddcd8661f7) Importer(815301076,1909f56bfc062723c751e8b465ee728b)  -> (artifact id: '67f9d2c87602c9de665cd5edc8b46197') in 3.461130 seconds 
  Import took 3.470531 seconds .

========================================================================
Received Import Request.
  Time since last request: 0.010625 seconds.
  path: Packages/com.unity.2d.sprite/Editor/ObjectMenuCreation/DefaultAssets/Textures/Square.png
  artifactKey: Guid(48e93eef0688c4a259cb0eddcd8661f7) Importer(815301076,1909f56bfc062723c751e8b465ee728b)
Start importing Packages/com.unity.2d.sprite/Editor/ObjectMenuCreation/DefaultAssets/Textures/Square.png using Guid(48e93eef0688c4a259cb0eddcd8661f7) Importer(815301076,1909f56bfc062723c751e8b465ee728b)  -> (artifact id: '67f9d2c87602c9de665cd5edc8b46197') in 0.034124 seconds 
  Import took 0.047832 seconds .

========================================================================
Received Import Request.
  Time since last request: 99.921803 seconds.
  path: Assets/KazutoTatsumi/Scenes/KazuTestScene.unity
  artifactKey: Guid(2cda990e2423bbf4892e6590ba056729) Importer(815301076,1909f56bfc062723c751e8b465ee728b)
Start importing Assets/KazutoTatsumi/Scenes/KazuTestScene.unity using Guid(2cda990e2423bbf4892e6590ba056729) Importer(815301076,1909f56bfc062723c751e8b465ee728b)  -> (artifact id: 'f191d9645343c10df21266fa0afe8806') in 0.005053 seconds 
  Import took 0.015094 seconds .

========================================================================
Received Import Request.
  Time since last request: 13.219118 seconds.
  path: Assets/KazutoTatsumi/Scenes/KazuTestScene.unity
  artifactKey: Guid(2cda990e2423bbf4892e6590ba056729) Importer(815301076,1909f56bfc062723c751e8b465ee728b)
Start importing Assets/KazutoTatsumi/Scenes/KazuTestScene.unity using Guid(2cda990e2423bbf4892e6590ba056729) Importer(815301076,1909f56bfc062723c751e8b465ee728b)  -> (artifact id: '6a8ee7a9abb8bf02851083c2d6bf151e') in 0.003311 seconds 
  Import took 0.017735 seconds .

